<?xml version="1.0" encoding="UTF-8"?>
<!-- Generated by org.testng.reporters.JUnitReportReporter -->
<testsuite hostname="pragnya" name="test.Slidingimages" tests="1" failures="0" timestamp="24 Sep 2014 10:15:26 GMT" time="8.554" errors="0">
  <testcase name="f" time="8.554" classname="test.Slidingimages"/>
</testsuite> <!-- test.Slidingimages -->
