<?xml version="1.0" encoding="UTF-8"?>
<!-- Generated by org.testng.reporters.JUnitReportReporter -->
<testsuite hostname="pragnya" name="test.footer" tests="1" failures="0" timestamp="24 Sep 2014 10:15:26 GMT" time="132.020" errors="0">
  <testcase name="f" time="132.020" classname="test.footer"/>
</testsuite> <!-- test.footer -->
